 WARN [main] 2021-01-04 14:32:48 (NacosPropertySourceBuilder.java:87) Ignore the empty nacos configuration and get it based on dataId[music-backend] & group[DEFAULT_GROUP]
 WARN [main] 2021-01-04 14:32:48 (NacosPropertySourceBuilder.java:87) Ignore the empty nacos configuration and get it based on dataId[music-backend.properties] & group[DEFAULT_GROUP]
 WARN [main] 2021-01-04 14:32:49 (EndpointId.java:155) Endpoint ID 'nacos-config' contains invalid characters, please migrate to a valid format.
 WARN [main] 2021-01-04 14:32:49 (EndpointId.java:155) Endpoint ID 'nacos-discovery' contains invalid characters, please migrate to a valid format.
 WARN [main] 2021-01-04 14:32:49 (EndpointId.java:155) Endpoint ID 'service-registry' contains invalid characters, please migrate to a valid format.
 WARN [main] 2021-01-04 14:32:50 (URLConfigurationSource.java:121) No URLs will be polled as dynamic configuration sources.
 WARN [main] 2021-01-04 14:32:50 (URLConfigurationSource.java:121) No URLs will be polled as dynamic configuration sources.
 WARN [main] 2021-01-04 14:54:05 (NacosPropertySourceBuilder.java:87) Ignore the empty nacos configuration and get it based on dataId[music-backend] & group[DEFAULT_GROUP]
 WARN [main] 2021-01-04 14:54:05 (NacosPropertySourceBuilder.java:87) Ignore the empty nacos configuration and get it based on dataId[music-backend.properties] & group[DEFAULT_GROUP]
 WARN [main] 2021-01-04 14:54:06 (EndpointId.java:155) Endpoint ID 'nacos-config' contains invalid characters, please migrate to a valid format.
 WARN [main] 2021-01-04 14:54:06 (EndpointId.java:155) Endpoint ID 'nacos-discovery' contains invalid characters, please migrate to a valid format.
 WARN [main] 2021-01-04 14:54:06 (EndpointId.java:155) Endpoint ID 'service-registry' contains invalid characters, please migrate to a valid format.
 WARN [main] 2021-01-04 14:54:07 (URLConfigurationSource.java:121) No URLs will be polled as dynamic configuration sources.
 WARN [main] 2021-01-04 14:54:07 (URLConfigurationSource.java:121) No URLs will be polled as dynamic configuration sources.
 WARN [main] 2021-01-04 14:54:40 (NacosPropertySourceBuilder.java:87) Ignore the empty nacos configuration and get it based on dataId[music-backend] & group[DEFAULT_GROUP]
 WARN [main] 2021-01-04 14:54:40 (NacosPropertySourceBuilder.java:87) Ignore the empty nacos configuration and get it based on dataId[music-backend.properties] & group[DEFAULT_GROUP]
 WARN [main] 2021-01-04 14:54:41 (EndpointId.java:155) Endpoint ID 'nacos-config' contains invalid characters, please migrate to a valid format.
 WARN [main] 2021-01-04 14:54:41 (EndpointId.java:155) Endpoint ID 'nacos-discovery' contains invalid characters, please migrate to a valid format.
 WARN [main] 2021-01-04 14:54:41 (EndpointId.java:155) Endpoint ID 'service-registry' contains invalid characters, please migrate to a valid format.
 WARN [main] 2021-01-04 14:54:42 (URLConfigurationSource.java:121) No URLs will be polled as dynamic configuration sources.
 WARN [main] 2021-01-04 14:54:42 (URLConfigurationSource.java:121) No URLs will be polled as dynamic configuration sources.
 WARN [main] 2021-01-04 15:09:22 (NacosPropertySourceBuilder.java:87) Ignore the empty nacos configuration and get it based on dataId[music-backend] & group[DEFAULT_GROUP]
 WARN [main] 2021-01-04 15:09:22 (NacosPropertySourceBuilder.java:87) Ignore the empty nacos configuration and get it based on dataId[music-backend.properties] & group[DEFAULT_GROUP]
 WARN [main] 2021-01-04 15:09:23 (EndpointId.java:155) Endpoint ID 'nacos-config' contains invalid characters, please migrate to a valid format.
 WARN [main] 2021-01-04 15:09:23 (EndpointId.java:155) Endpoint ID 'nacos-discovery' contains invalid characters, please migrate to a valid format.
 WARN [main] 2021-01-04 15:09:23 (EndpointId.java:155) Endpoint ID 'service-registry' contains invalid characters, please migrate to a valid format.
 WARN [main] 2021-01-04 15:09:24 (URLConfigurationSource.java:121) No URLs will be polled as dynamic configuration sources.
 WARN [main] 2021-01-04 15:09:24 (URLConfigurationSource.java:121) No URLs will be polled as dynamic configuration sources.
 WARN [main] 2021-01-04 15:11:10 (NacosPropertySourceBuilder.java:87) Ignore the empty nacos configuration and get it based on dataId[music-backend] & group[DEFAULT_GROUP]
 WARN [main] 2021-01-04 15:11:10 (NacosPropertySourceBuilder.java:87) Ignore the empty nacos configuration and get it based on dataId[music-backend.properties] & group[DEFAULT_GROUP]
 WARN [main] 2021-01-04 15:11:10 (EndpointId.java:155) Endpoint ID 'nacos-config' contains invalid characters, please migrate to a valid format.
 WARN [main] 2021-01-04 15:11:10 (EndpointId.java:155) Endpoint ID 'nacos-discovery' contains invalid characters, please migrate to a valid format.
 WARN [main] 2021-01-04 15:11:11 (EndpointId.java:155) Endpoint ID 'service-registry' contains invalid characters, please migrate to a valid format.
 WARN [main] 2021-01-04 15:11:11 (URLConfigurationSource.java:121) No URLs will be polled as dynamic configuration sources.
 WARN [main] 2021-01-04 15:11:11 (URLConfigurationSource.java:121) No URLs will be polled as dynamic configuration sources.
 WARN [main] 2021-01-04 15:18:15 (NacosPropertySourceBuilder.java:87) Ignore the empty nacos configuration and get it based on dataId[music-backend] & group[DEFAULT_GROUP]
 WARN [main] 2021-01-04 15:18:15 (NacosPropertySourceBuilder.java:87) Ignore the empty nacos configuration and get it based on dataId[music-backend.properties] & group[DEFAULT_GROUP]
 WARN [main] 2021-01-04 15:18:16 (EndpointId.java:155) Endpoint ID 'nacos-config' contains invalid characters, please migrate to a valid format.
 WARN [main] 2021-01-04 15:18:16 (EndpointId.java:155) Endpoint ID 'nacos-discovery' contains invalid characters, please migrate to a valid format.
 WARN [main] 2021-01-04 15:18:16 (EndpointId.java:155) Endpoint ID 'service-registry' contains invalid characters, please migrate to a valid format.
 WARN [main] 2021-01-04 15:18:17 (URLConfigurationSource.java:121) No URLs will be polled as dynamic configuration sources.
 WARN [main] 2021-01-04 15:18:17 (URLConfigurationSource.java:121) No URLs will be polled as dynamic configuration sources.
 WARN [main] 2021-01-06 08:50:32 (NacosPropertySourceBuilder.java:87) Ignore the empty nacos configuration and get it based on dataId[music-backend] & group[DEFAULT_GROUP]
 WARN [main] 2021-01-06 08:50:32 (NacosPropertySourceBuilder.java:87) Ignore the empty nacos configuration and get it based on dataId[music-backend.properties] & group[DEFAULT_GROUP]
 WARN [main] 2021-01-06 08:50:33 (EndpointId.java:155) Endpoint ID 'nacos-config' contains invalid characters, please migrate to a valid format.
 WARN [main] 2021-01-06 08:50:33 (EndpointId.java:155) Endpoint ID 'nacos-discovery' contains invalid characters, please migrate to a valid format.
 WARN [main] 2021-01-06 08:50:34 (EndpointId.java:155) Endpoint ID 'service-registry' contains invalid characters, please migrate to a valid format.
 WARN [main] 2021-01-06 08:50:35 (URLConfigurationSource.java:121) No URLs will be polled as dynamic configuration sources.
 WARN [main] 2021-01-06 08:50:35 (URLConfigurationSource.java:121) No URLs will be polled as dynamic configuration sources.
